#
# There is insufficient memory for the Java Runtime Environment to continue.
# Native memory allocation (malloc) failed to allocate 1048576 bytes for AllocateHeap
# Possible reasons:
#   The system is out of physical RAM or swap space
#   The process is running with CompressedOops enabled, and the Java Heap may be blocking the growth of the native heap
# Possible solutions:
#   Reduce memory load on the system
#   Increase physical memory or swap space
#   Check if swap backing store is full
#   Decrease Java heap size (-Xmx/-Xms)
#   Decrease number of Java threads
#   Decrease Java thread stack sizes (-Xss)
#   Set larger code cache with -XX:ReservedCodeCacheSize=
#   JVM is running with Unscaled Compressed Oops mode in which the Java heap is
#     placed in the first 4GB address space. The Java Heap base address is the
#     maximum limit for the native heap growth. Please use -XX:HeapBaseMinAddress
#     to set the Java Heap base and to place the Java Heap above 4GB virtual address.
# This output file may be truncated or incomplete.
#
#  Out of Memory Error (allocation.cpp:44), pid=12104, tid=31236
#
# JRE version:  (17.0.9) (build )
# Java VM: OpenJDK 64-Bit Server VM (17.0.9+0--11185874, mixed mode, sharing, tiered, compressed oops, compressed class ptrs, g1 gc, windows-amd64)
# No core dump will be written. Minidumps are not enabled by default on client versions of Windows
#

---------------  S U M M A R Y ------------

Command Line: 

Host: Intel(R) Core(TM) i7-8550U CPU @ 1.80GHz, 8 cores, 7G,  Windows 10 , 64 bit Build 19041 (10.0.19041.3636)
Time: Fri May  3 03:34:42 2024 Pacific Daylight Time elapsed time: 0.099794 seconds (0d 0h 0m 0s)

---------------  T H R E A D  ---------------

Current thread (0x000001d45accdaa0):  JavaThread "Unknown thread" [_thread_in_vm, id=31236, stack(0x000000c447b00000,0x000000c447c00000)]

Stack: [0x000000c447b00000,0x000000c447c00000]
Native frames: (J=compiled Java code, j=interpreted, Vv=VM code, C=native code)
V  [jvm.dll+0x6886e9]
V  [jvm.dll+0x841e4a]
V  [jvm.dll+0x843a8e]
V  [jvm.dll+0x8440f3]
V  [jvm.dll+0x24c14f]
V  [jvm.dll+0xa6b5b]
V  [jvm.dll+0x2de924]
V  [jvm.dll+0x8129bc]
V  [jvm.dll+0x3720c1]
V  [jvm.dll+0x7f152c]
V  [jvm.dll+0x3f5d4f]
V  [jvm.dll+0x3f7981]
C  [jli.dll+0x528f]
C  [ucrtbase.dll+0x21bb2]
C  [KERNEL32.DLL+0x17344]
C  [ntdll.dll+0x526b1]


---------------  P R O C E S S  ---------------

Threads class SMR info:
_java_thread_list=0x00007ffcabbeef18, length=0, elements={
}

Java Threads: ( => current thread )

Other Threads:

=>0x000001d45accdaa0 (exited) JavaThread "Unknown thread" [_thread_in_vm, id=31236, stack(0x000000c447b00000,0x000000c447c00000)]

Threads with active compile tasks:

VM state: not at safepoint (not fully initialized)

VM Mutex/Monitor currently owned by a thread: None

Heap address: 0x0000000000000000, size: 0 MB, Compressed Oops mode: 32-bit

CDS archive(s) mapped at: [0x0000000000000000-0x0000000000000000-0x0000000000000000), size 0, SharedBaseAddress: 0x0000000800000000, ArchiveRelocationMode: 1.
Narrow klass base: 0x0000000000000000, Narrow klass shift: 0, Narrow klass range: 0x0

GC Precious Log:
<Empty>

GC Heap History (0 events):
No events

Dll operation events (1 events):
Event: 0.051 Loaded shared library C:\Program Files\Android\Android Studio\jbr\bin\java.dll

Deoptimization events (0 events):
No events

Classes unloaded (0 events):
No events

Classes redefined (0 events):
No events

Internal exceptions (0 events):
No events

VM Operations (0 events):
No events

Events (0 events):
No events


Dynamic libraries:
0x00007ff62ee20000 - 0x00007ff62ee2a000 	C:\Program Files\Android\Android Studio\jbr\bin\java.EXE
0x00007ffd11e70000 - 0x00007ffd12068000 	C:\WINDOWS\SYSTEM32\ntdll.dll
0x00007ffd113c0000 - 0x00007ffd1147d000 	C:\WINDOWS\System32\KERNEL32.DLL
0x00007ffd0f7e0000 - 0x00007ffd0fad6000 	C:\WINDOWS\System32\KERNELBASE.dll
0x000000006a180000 - 0x000000006a4b2000 	C:\Program Files\Norton Security\NortonData\22.21.5.44\Definitions\IPSDefs\20240502.064\IPSEng64.dll
0x00007ffd11000000 - 0x00007ffd110b0000 	C:\WINDOWS\System32\ADVAPI32.dll
0x00007ffd10d40000 - 0x00007ffd10dde000 	C:\WINDOWS\System32\msvcrt.dll
0x00007ffd118f0000 - 0x00007ffd11990000 	C:\WINDOWS\System32\sechost.dll
0x00007ffd11170000 - 0x00007ffd11293000 	C:\WINDOWS\System32\RPCRT4.dll
0x00007ffd0f520000 - 0x00007ffd0f547000 	C:\WINDOWS\System32\bcrypt.dll
0x00007ffd118e0000 - 0x00007ffd118e8000 	C:\WINDOWS\System32\PSAPI.DLL
0x00007ffd0f550000 - 0x00007ffd0f650000 	C:\WINDOWS\System32\ucrtbase.dll
0x00007ffcf58e0000 - 0x00007ffcf58f7000 	C:\Program Files\Android\Android Studio\jbr\bin\jli.dll
0x00007ffd07700000 - 0x00007ffd0771b000 	C:\Program Files\Android\Android Studio\jbr\bin\VCRUNTIME140.dll
0x00007ffce5a50000 - 0x00007ffce5cea000 	C:\WINDOWS\WinSxS\amd64_microsoft.windows.common-controls_6595b64144ccf1df_6.0.19041.3636_none_60b6a03d71f818d5\COMCTL32.dll
0x00007ffd11bf0000 - 0x00007ffd11c1b000 	C:\WINDOWS\System32\GDI32.dll
0x00007ffd0fe70000 - 0x00007ffd0fe92000 	C:\WINDOWS\System32\win32u.dll
0x00007ffd0fc40000 - 0x00007ffd0fd57000 	C:\WINDOWS\System32\gdi32full.dll
0x00007ffd0fdd0000 - 0x00007ffd0fe6d000 	C:\WINDOWS\System32\msvcp_win.dll
0x00007ffd11c80000 - 0x00007ffd11e1f000 	C:\WINDOWS\System32\USER32.dll
0x00007ffd10830000 - 0x00007ffd10862000 	C:\WINDOWS\System32\IMM32.DLL
0x00007ffd076f0000 - 0x00007ffd076fc000 	C:\Program Files\Android\Android Studio\jbr\bin\vcruntime140_1.dll
0x00007ffcd12b0000 - 0x00007ffcd133d000 	C:\Program Files\Android\Android Studio\jbr\bin\msvcp140.dll
0x00007ffcab0b0000 - 0x00007ffcabd33000 	C:\Program Files\Android\Android Studio\jbr\bin\server\jvm.dll
0x00007ffd0f380000 - 0x00007ffd0f3cb000 	C:\WINDOWS\SYSTEM32\POWRPROF.dll
0x00007ffcfc030000 - 0x00007ffcfc057000 	C:\WINDOWS\SYSTEM32\WINMM.dll
0x00007ffcf8f10000 - 0x00007ffcf8f1a000 	C:\WINDOWS\SYSTEM32\VERSION.dll
0x00007ffcfb830000 - 0x00007ffcfb839000 	C:\WINDOWS\SYSTEM32\WSOCK32.dll
0x00007ffd107c0000 - 0x00007ffd1082b000 	C:\WINDOWS\System32\WS2_32.dll
0x00007ffd0f360000 - 0x00007ffd0f372000 	C:\WINDOWS\SYSTEM32\UMPDC.dll
0x00007ffd0dd00000 - 0x00007ffd0dd12000 	C:\WINDOWS\SYSTEM32\kernel.appcore.dll
0x00007ffd07660000 - 0x00007ffd0766a000 	C:\Program Files\Android\Android Studio\jbr\bin\jimage.dll
0x00007ffd0d1f0000 - 0x00007ffd0d3d4000 	C:\WINDOWS\SYSTEM32\DBGHELP.DLL
0x00007ffcf7bb0000 - 0x00007ffcf7be4000 	C:\WINDOWS\SYSTEM32\dbgcore.DLL
0x00007ffd0f700000 - 0x00007ffd0f782000 	C:\WINDOWS\System32\bcryptPrimitives.dll
0x00007ffcfc3f0000 - 0x00007ffcfc415000 	C:\Program Files\Android\Android Studio\jbr\bin\java.dll

dbghelp: loaded successfully - version: 4.0.5 - missing functions: none
symbol engine: initialized successfully - sym options: 0x614 - pdb path: .;C:\Program Files\Android\Android Studio\jbr\bin;C:\WINDOWS\SYSTEM32;C:\Program Files\Norton Security\NortonData\22.21.5.44\Definitions\IPSDefs\20240502.064;C:\WINDOWS\WinSxS\amd64_microsoft.windows.common-controls_6595b64144ccf1df_6.0.19041.3636_none_60b6a03d71f818d5;C:\Program Files\Android\Android Studio\jbr\bin\server

VM Arguments:
java_command: <unknown>
java_class_path (initial): <not set>
Launcher Type: SUN_STANDARD

[Global flags]
     intx CICompilerCount                          = 4                                         {product} {ergonomic}
     uint ConcGCThreads                            = 2                                         {product} {ergonomic}
     uint G1ConcRefinementThreads                  = 8                                         {product} {ergonomic}
   size_t G1HeapRegionSize                         = 1048576                                   {product} {ergonomic}
    uintx GCDrainStackTargetSize                   = 64                                        {product} {ergonomic}
   size_t InitialHeapSize                          = 132120576                                 {product} {ergonomic}
   size_t MarkStackSize                            = 4194304                                   {product} {ergonomic}
   size_t MaxHeapSize                              = 2107637760                                {product} {ergonomic}
   size_t MinHeapDeltaBytes                        = 1048576                                   {product} {ergonomic}
   size_t MinHeapSize                              = 8388608                                   {product} {ergonomic}
    uintx NonNMethodCodeHeapSize                   = 5839372                                {pd product} {ergonomic}
    uintx NonProfiledCodeHeapSize                  = 122909434                              {pd product} {ergonomic}
    uintx ProfiledCodeHeapSize                     = 122909434                              {pd product} {ergonomic}
    uintx ReservedCodeCacheSize                    = 251658240                              {pd product} {ergonomic}
     bool SegmentedCodeCache                       = true                                      {product} {ergonomic}
   size_t SoftMaxHeapSize                          = 2107637760                             {manageable} {ergonomic}
     bool UseCompressedClassPointers               = true                           {product lp64_product} {ergonomic}
     bool UseCompressedOops                        = true                           {product lp64_product} {ergonomic}
     bool UseG1GC                                  = true                                      {product} {ergonomic}
     bool UseLargePagesIndividualAllocation        = false                                  {pd product} {ergonomic}

Logging:
Log output configuration:
 #0: stdout all=warning uptime,level,tags
 #1: stderr all=off uptime,level,tags

Environment Variables:
JAVA_HOME=C:\Program Files\Android\Android Studio\jbr
PATH=C:\Program Files\Android\Android Studio\jbr\bin;C:\Python312\Scripts\;C:\Python312\;C:\Program Files\Common Files\Oracle\Java\javapath;C:\Program Files\Java\jdk-17\bin;C:\WINDOWS\system32;C:\WINDOWS;C:\WINDOWS\System32\Wbem;C:\WINDOWS\System32\WindowsPowerShell\v1.0\;C:\WINDOWS\System32\OpenSSH\;C:\Program Files (x86)\Intel\Intel(R) Management Engine Components\DAL;C:\Program Files\Intel\Intel(R) Management Engine Components\DAL;C:\Program Files (x86)\Intel\Intel(R) Management Engine Components\IPT;C:\Program Files\Intel\Intel(R) Management Engine Components\IPT;C:\Program Files\Intel\WiFi\bin\;C:\Program Files\Common Files\Intel\WirelessCommon\;C:\mingw64;C:\mingw64\bin;C:\Program Files\Java\jdk1.8.0_181\bin;C:\Program Files\nodejs\;C:\ProgramData\chocolatey\bin;C:\users\tramb\AppData\Roaming\npm;C:\Program Files\Microsoft SQL Server\130\Tools\Binn\;C:\Program Files\Microsoft SQL Server\Client SDK\ODBC\170\Tools\Binn\;C:\Program Files\dotnet\;C:\Program Files\Git\cmd;C:\Program Files\Android\Android Studio\bin;C:\Users\tramb\AppData\Local\Programs\Python\Python311\Scripts\;C:\Users\tramb\AppData\Local\Programs\Python\Python311\;C:\Users\tramb\AppData\Local\Programs\Python\Python310\Scripts\;C:\Users\tramb\AppData\Local\Programs\Python\Python310\;C:\Users\tramb\AppData\Local\Microsoft\WindowsApps;C:\Users\tramb\AppData\Local\Programs\Microsoft VS Code\bin;C:\Users\tramb\AppData\Local\GitHubDesktop\bin;C:\Program Files\JetBrains\IntelliJ IDEA Community Edition 2022.3.2\bin;;C:\Users\tramb\AppData\Roaming\npm;C:\Program Files\nodejs;C:\Users\tramb\flutter\bin;C:\Users\tramb\.dotnet\tools;
USERNAME=tramb
OS=Windows_NT
PROCESSOR_IDENTIFIER=Intel64 Family 6 Model 142 Stepping 10, GenuineIntel
TMP=C:\Users\tramb\AppData\Local\Temp
TEMP=C:\Users\tramb\AppData\Local\Temp



Periodic native trim disabled

JNI global refs:
JNI global refs: 0, weak refs: 0

JNI global refs memory usage: 0, weak refs: 0

OOME stack traces (most recent first):
Classloader memory used:


---------------  S Y S T E M  ---------------

OS:
 Windows 10 , 64 bit Build 19041 (10.0.19041.3636)
OS uptime: 5 days 8:14 hours
Hyper-V role detected

CPU: total 8 (initial active 8) (4 cores per cpu, 2 threads per core) family 6 model 142 stepping 10 microcode 0xec, cx8, cmov, fxsr, ht, mmx, 3dnowpref, sse, sse2, sse3, ssse3, sse4.1, sse4.2, popcnt, lzcnt, tsc, tscinvbit, avx, avx2, aes, erms, clmul, bmi1, bmi2, adx, fma, vzeroupper, clflush, clflushopt, hv
Processor Information for all 8 processors :
  Max Mhz: 1992, Current Mhz: 1792, Mhz Limit: 1792

Memory: 4k page, system-wide physical 8033M (323M free)
TotalPageFile size 32609M (AvailPageFile size 4M)
current process WorkingSet (physical memory assigned to process): 10M, peak: 10M
current process commit charge ("private bytes"): 16M, peak: 17M

vm_info: OpenJDK 64-Bit Server VM (17.0.9+0--11185874) for windows-amd64 JRE (17.0.9+0--11185874), built on Dec  6 2023 18:57:44 by "androidbuild" with MS VC++ 16.10 / 16.11 (VS2019)

END.
